<?xml version="1.0" encoding="UTF-8"?>
<!-- Generated by org.testng.reporters.JUnitXMLReporter -->
<testsuite ignored="2" hostname="BCIT-WIN-S1410" failures="0" tests="7" name="mytest" time="0.162" errors="0" timestamp="2024-08-02T07:15:28 IST">
  <testcase classname="basicTestNG.Basic1" name="TC1" time="0.012"/>
  <testcase classname="basicTestNG.Basic1" name="TC4" time="0.003"/>
  <testcase classname="basicTestNG.Basic1" name="TC5" time="0.002"/>
  <testcase classname="basicTestNG.Basic1" name="TC6" time="0.003"/>
  <testcase classname="basicTestNG.AnnotationsMethod" name="TC1" time="0.001"/>
  <testcase classname="basicTestNG.AnnotationsMethod" name="TC2" time="0.002"/>
  <testcase classname="basicTestNG.AnnotationsMethod" name="TC3" time="0.0"/>
  <testcase classname="basicTestNG.Basic1" name="TC2" time="0.0">
    <ignored/>
  </testcase> <!-- TC2 -->
  <testcase classname="basicTestNG.Basic1" name="TC3" time="0.0">
    <ignored/>
  </testcase> <!-- TC3 -->
</testsuite> <!-- mytest -->
