<?xml version="1.0" encoding="UTF-8"?>
<testng-results ignored="0" total="7" passed="7" failed="0" skipped="0">
  <reporter-output>
  </reporter-output>
  <suite started-at="2024-08-02T07:15:27 IST" name="SeleniumTestSuite" finished-at="2024-08-02T07:15:28 IST" duration-ms="162">
    <groups>
    </groups>
    <test started-at="2024-08-02T07:15:27 IST" name="mytest" finished-at="2024-08-02T07:15:28 IST" duration-ms="162">
      <class name="basicTestNG.AnnotationsMethod">
        <test-method is-config="true" signature="beforeSuite()[pri:0, instance:basicTestNG.AnnotationsMethod@53fb3dab]" started-at="2024-08-02T07:15:27 IST" name="beforeSuite" finished-at="2024-08-02T07:15:27 IST" duration-ms="21" status="PASS">
          <reporter-output>
          </reporter-output>
        </test-method> <!-- beforeSuite -->
        <test-method is-config="true" signature="beforeTest()[pri:0, instance:basicTestNG.AnnotationsMethod@53fb3dab]" started-at="2024-08-02T07:15:27 IST" name="beforeTest" finished-at="2024-08-02T07:15:27 IST" duration-ms="1" status="PASS">
          <reporter-output>
          </reporter-output>
        </test-method> <!-- beforeTest -->
        <test-method is-config="true" signature="beforeClass()[pri:0, instance:basicTestNG.AnnotationsMethod@53fb3dab]" started-at="2024-08-02T07:15:27 IST" name="beforeClass" finished-at="2024-08-02T07:15:27 IST" duration-ms="2" status="PASS">
          <reporter-output>
          </reporter-output>
        </test-method> <!-- beforeClass -->
        <test-method is-config="true" signature="beforeMethod()[pri:0, instance:basicTestNG.AnnotationsMethod@53fb3dab]" started-at="2024-08-02T07:15:27 IST" name="beforeMethod" finished-at="2024-08-02T07:15:27 IST" duration-ms="1" status="PASS">
          <reporter-output>
          </reporter-output>
        </test-method> <!-- beforeMethod -->
        <test-method signature="TC1()[pri:0, instance:basicTestNG.AnnotationsMethod@53fb3dab]" started-at="2024-08-02T07:15:27 IST" name="TC1" finished-at="2024-08-02T07:15:27 IST" duration-ms="1" status="PASS">
          <reporter-output>
          </reporter-output>
        </test-method> <!-- TC1 -->
        <test-method is-config="true" signature="afterMethod()[pri:0, instance:basicTestNG.AnnotationsMethod@53fb3dab]" started-at="2024-08-02T07:15:27 IST" name="afterMethod" finished-at="2024-08-02T07:15:27 IST" duration-ms="0" status="PASS">
          <reporter-output>
          </reporter-output>
        </test-method> <!-- afterMethod -->
        <test-method signature="TC2()[pri:0, instance:basicTestNG.AnnotationsMethod@53fb3dab]" started-at="2024-08-02T07:15:27 IST" name="TC2" finished-at="2024-08-02T07:15:27 IST" duration-ms="2" status="PASS">
          <reporter-output>
          </reporter-output>
        </test-method> <!-- TC2 -->
        <test-method is-config="true" signature="beforeMethod()[pri:0, instance:basicTestNG.AnnotationsMethod@53fb3dab]" started-at="2024-08-02T07:15:27 IST" name="beforeMethod" finished-at="2024-08-02T07:15:27 IST" duration-ms="0" status="PASS">
          <reporter-output>
          </reporter-output>
        </test-method> <!-- beforeMethod -->
        <test-method is-config="true" signature="afterMethod()[pri:0, instance:basicTestNG.AnnotationsMethod@53fb3dab]" started-at="2024-08-02T07:15:27 IST" name="afterMethod" finished-at="2024-08-02T07:15:27 IST" duration-ms="0" status="PASS">
          <reporter-output>
          </reporter-output>
        </test-method> <!-- afterMethod -->
        <test-method is-config="true" signature="beforeMethod()[pri:0, instance:basicTestNG.AnnotationsMethod@53fb3dab]" started-at="2024-08-02T07:15:27 IST" name="beforeMethod" finished-at="2024-08-02T07:15:27 IST" duration-ms="1" status="PASS">
          <reporter-output>
          </reporter-output>
        </test-method> <!-- beforeMethod -->
        <test-method signature="TC3()[pri:0, instance:basicTestNG.AnnotationsMethod@53fb3dab]" started-at="2024-08-02T07:15:27 IST" name="TC3" finished-at="2024-08-02T07:15:27 IST" duration-ms="0" status="PASS">
          <reporter-output>
          </reporter-output>
        </test-method> <!-- TC3 -->
        <test-method is-config="true" signature="afterMethod()[pri:0, instance:basicTestNG.AnnotationsMethod@53fb3dab]" started-at="2024-08-02T07:15:27 IST" name="afterMethod" finished-at="2024-08-02T07:15:27 IST" duration-ms="1" status="PASS">
          <reporter-output>
          </reporter-output>
        </test-method> <!-- afterMethod -->
        <test-method is-config="true" signature="afterClass()[pri:0, instance:basicTestNG.AnnotationsMethod@53fb3dab]" started-at="2024-08-02T07:15:28 IST" name="afterClass" finished-at="2024-08-02T07:15:28 IST" duration-ms="2" status="PASS">
          <reporter-output>
          </reporter-output>
        </test-method> <!-- afterClass -->
        <test-method is-config="true" signature="afterTest()[pri:0, instance:basicTestNG.AnnotationsMethod@53fb3dab]" started-at="2024-08-02T07:15:28 IST" name="afterTest" finished-at="2024-08-02T07:15:28 IST" duration-ms="4" status="PASS">
          <reporter-output>
          </reporter-output>
        </test-method> <!-- afterTest -->
        <test-method is-config="true" signature="afterSuite()[pri:0, instance:basicTestNG.AnnotationsMethod@53fb3dab]" started-at="2024-08-02T07:15:28 IST" name="afterSuite" finished-at="2024-08-02T07:15:28 IST" duration-ms="0" status="PASS">
          <reporter-output>
          </reporter-output>
        </test-method> <!-- afterSuite -->
      </class> <!-- basicTestNG.AnnotationsMethod -->
      <class name="basicTestNG.Basic1">
        <test-method signature="TC1()[pri:0, instance:basicTestNG.Basic1@41a0aa7d]" started-at="2024-08-02T07:15:27 IST" name="TC1" finished-at="2024-08-02T07:15:27 IST" duration-ms="12" status="PASS">
          <reporter-output>
          </reporter-output>
        </test-method> <!-- TC1 -->
        <test-method signature="TC4()[pri:0, instance:basicTestNG.Basic1@41a0aa7d]" started-at="2024-08-02T07:15:27 IST" name="TC4" finished-at="2024-08-02T07:15:27 IST" duration-ms="3" status="PASS">
          <reporter-output>
          </reporter-output>
        </test-method> <!-- TC4 -->
        <test-method signature="TC5()[pri:0, instance:basicTestNG.Basic1@41a0aa7d]" started-at="2024-08-02T07:15:27 IST" name="TC5" finished-at="2024-08-02T07:15:27 IST" duration-ms="2" status="PASS">
          <reporter-output>
          </reporter-output>
        </test-method> <!-- TC5 -->
        <test-method signature="TC6()[pri:0, instance:basicTestNG.Basic1@41a0aa7d]" started-at="2024-08-02T07:15:27 IST" name="TC6" finished-at="2024-08-02T07:15:27 IST" duration-ms="3" status="PASS">
          <reporter-output>
          </reporter-output>
        </test-method> <!-- TC6 -->
      </class> <!-- basicTestNG.Basic1 -->
    </test> <!-- mytest -->
  </suite> <!-- SeleniumTestSuite -->
</testng-results>
